<?xml version="1.0" encoding="UTF-8"?>
<testng-results skipped="0" failed="1" ignored="0" total="10" passed="9">
  <reporter-output>
  </reporter-output>
  <suite name="Suite" duration-ms="126606" started-at="2020-02-20T19:02:57 AEST" finished-at="2020-02-20T19:05:03 AEST">
    <groups>
    </groups>
    <test name="SignUpFormTestChrome" duration-ms="122251" started-at="2020-02-20T19:02:57 AEST" finished-at="2020-02-20T19:04:59 AEST">
      <class name="test.SignUpFormTest">
        <test-method status="PASS" signature="beforeMethod(java.lang.String)[pri:0, instance:test.SignUpFormTest@49993335]" name="beforeMethod" is-config="true" duration-ms="16156" started-at="2020-02-20T19:02:57 AEST" finished-at="2020-02-20T19:03:13 AEST">
          <params>
            <param index="0">
              <value>
                <![CDATA[Chrome]]>
              </value>
            </param>
          </params>
          <reporter-output>
          </reporter-output>
        </test-method> <!-- beforeMethod -->
        <test-method status="PASS" signature="blankEmailSignUp()[pri:0, instance:test.SignUpFormTest@49993335]" name="blankEmailSignUp" duration-ms="3385" started-at="2020-02-20T19:03:13 AEST" finished-at="2020-02-20T19:03:16 AEST">
          <reporter-output>
          </reporter-output>
        </test-method> <!-- blankEmailSignUp -->
        <test-method status="PASS" signature="tearDown()[pri:0, instance:test.SignUpFormTest@49993335]" name="tearDown" is-config="true" duration-ms="626" started-at="2020-02-20T19:03:16 AEST" finished-at="2020-02-20T19:03:17 AEST">
          <reporter-output>
          </reporter-output>
        </test-method> <!-- tearDown -->
        <test-method status="PASS" signature="beforeMethod(java.lang.String)[pri:0, instance:test.SignUpFormTest@49993335]" name="beforeMethod" is-config="true" duration-ms="18505" started-at="2020-02-20T19:03:17 AEST" finished-at="2020-02-20T19:03:35 AEST">
          <params>
            <param index="0">
              <value>
                <![CDATA[Chrome]]>
              </value>
            </param>
          </params>
          <reporter-output>
          </reporter-output>
        </test-method> <!-- beforeMethod -->
        <test-method status="PASS" signature="getCountOfCharacters()[pri:0, instance:test.SignUpFormTest@49993335]" name="getCountOfCharacters" duration-ms="2080" started-at="2020-02-20T19:03:35 AEST" finished-at="2020-02-20T19:03:37 AEST">
          <reporter-output>
          </reporter-output>
        </test-method> <!-- getCountOfCharacters -->
        <test-method status="PASS" signature="tearDown()[pri:0, instance:test.SignUpFormTest@49993335]" name="tearDown" is-config="true" duration-ms="597" started-at="2020-02-20T19:03:37 AEST" finished-at="2020-02-20T19:03:38 AEST">
          <reporter-output>
          </reporter-output>
        </test-method> <!-- tearDown -->
        <test-method status="PASS" signature="beforeMethod(java.lang.String)[pri:0, instance:test.SignUpFormTest@49993335]" name="beforeMethod" is-config="true" duration-ms="46712" started-at="2020-02-20T19:03:38 AEST" finished-at="2020-02-20T19:04:25 AEST">
          <params>
            <param index="0">
              <value>
                <![CDATA[Chrome]]>
              </value>
            </param>
          </params>
          <reporter-output>
          </reporter-output>
        </test-method> <!-- beforeMethod -->
        <test-method status="FAIL" signature="invalidEmailSignup()[pri:0, instance:test.SignUpFormTest@49993335]" name="invalidEmailSignup" duration-ms="676" started-at="2020-02-20T19:04:25 AEST" finished-at="2020-02-20T19:04:25 AEST">
          <exception class="org.openqa.selenium.StaleElementReferenceException">
            <message>
              <![CDATA[stale element reference: element is not attached to the page document
  (Session info: headless chrome=80.0.3987.106)
For documentation on this error, please visit: https://www.seleniumhq.org/exceptions/stale_element_reference.html
Build info: version: '3.141.59', revision: 'e82be7d358', time: '2018-11-14T08:25:48'
System info: host: 'DESKTOP-P16IDI9', ip: '192.168.1.104', os.name: 'Windows 10', os.arch: 'amd64', os.version: '10.0', java.version: '1.8.0_212'
Driver info: org.openqa.selenium.chrome.ChromeDriver
Capabilities {acceptInsecureCerts: false, browserName: chrome, browserVersion: 80.0.3987.106, chrome: {chromedriverVersion: 80.0.3987.16 (320f6526c1632..., userDataDir: C:\Users\VINODM~1\AppData\L...}, goog:chromeOptions: {debuggerAddress: localhost:49535}, javascriptEnabled: true, networkConnectionEnabled: false, pageLoadStrategy: normal, platform: WINDOWS, platformName: WINDOWS, proxy: Proxy(), setWindowRect: true, strictFileInteractability: false, timeouts: {implicit: 0, pageLoad: 300000, script: 30000}, unhandledPromptBehavior: dismiss and notify}
Session ID: db6b2c9207b7c3b6f584732e5414856f]]>
            </message>
            <full-stacktrace>
              <![CDATA[org.openqa.selenium.StaleElementReferenceException: stale element reference: element is not attached to the page document
  (Session info: headless chrome=80.0.3987.106)
For documentation on this error, please visit: https://www.seleniumhq.org/exceptions/stale_element_reference.html
Build info: version: '3.141.59', revision: 'e82be7d358', time: '2018-11-14T08:25:48'
System info: host: 'DESKTOP-P16IDI9', ip: '192.168.1.104', os.name: 'Windows 10', os.arch: 'amd64', os.version: '10.0', java.version: '1.8.0_212'
Driver info: org.openqa.selenium.chrome.ChromeDriver
Capabilities {acceptInsecureCerts: false, browserName: chrome, browserVersion: 80.0.3987.106, chrome: {chromedriverVersion: 80.0.3987.16 (320f6526c1632..., userDataDir: C:\Users\VINODM~1\AppData\L...}, goog:chromeOptions: {debuggerAddress: localhost:49535}, javascriptEnabled: true, networkConnectionEnabled: false, pageLoadStrategy: normal, platform: WINDOWS, platformName: WINDOWS, proxy: Proxy(), setWindowRect: true, strictFileInteractability: false, timeouts: {implicit: 0, pageLoad: 300000, script: 30000}, unhandledPromptBehavior: dismiss and notify}
Session ID: db6b2c9207b7c3b6f584732e5414856f
at sun.reflect.NativeConstructorAccessorImpl.newInstance0(Native Method)
at sun.reflect.NativeConstructorAccessorImpl.newInstance(Unknown Source)
at sun.reflect.DelegatingConstructorAccessorImpl.newInstance(Unknown Source)
at java.lang.reflect.Constructor.newInstance(Unknown Source)
at org.openqa.selenium.remote.http.W3CHttpResponseCodec.createException(W3CHttpResponseCodec.java:187)
at org.openqa.selenium.remote.http.W3CHttpResponseCodec.decode(W3CHttpResponseCodec.java:122)
at org.openqa.selenium.remote.http.W3CHttpResponseCodec.decode(W3CHttpResponseCodec.java:49)
at org.openqa.selenium.remote.HttpCommandExecutor.execute(HttpCommandExecutor.java:158)
at org.openqa.selenium.remote.service.DriverCommandExecutor.execute(DriverCommandExecutor.java:83)
at org.openqa.selenium.remote.RemoteWebDriver.execute(RemoteWebDriver.java:552)
at org.openqa.selenium.remote.RemoteWebElement.execute(RemoteWebElement.java:285)
at org.openqa.selenium.remote.RemoteWebElement.click(RemoteWebElement.java:84)
at test.SignUpFormTest.invalidEmailSignup(SignUpFormTest.java:28)
at sun.reflect.NativeMethodAccessorImpl.invoke0(Native Method)
at sun.reflect.NativeMethodAccessorImpl.invoke(Unknown Source)
at sun.reflect.DelegatingMethodAccessorImpl.invoke(Unknown Source)
at java.lang.reflect.Method.invoke(Unknown Source)
at org.testng.internal.MethodInvocationHelper.invokeMethod(MethodInvocationHelper.java:131)
at org.testng.internal.Invoker.invokeMethod(Invoker.java:658)
at org.testng.internal.Invoker.invokeTestMethod(Invoker.java:792)
at org.testng.internal.Invoker.invokeTestMethods(Invoker.java:1103)
at org.testng.internal.TestMethodWorker.invokeTestMethods(TestMethodWorker.java:140)
at org.testng.internal.TestMethodWorker.run(TestMethodWorker.java:122)
at org.testng.TestRunner.privateRun(TestRunner.java:739)
at org.testng.TestRunner.run(TestRunner.java:589)
at org.testng.SuiteRunner.runTest(SuiteRunner.java:398)
at org.testng.SuiteRunner.access$000(SuiteRunner.java:39)
at org.testng.SuiteRunner$SuiteWorker.run(SuiteRunner.java:437)
at org.testng.internal.thread.ThreadUtil$1.call(ThreadUtil.java:70)
at java.util.concurrent.FutureTask.run(Unknown Source)
at java.util.concurrent.ThreadPoolExecutor.runWorker(Unknown Source)
at java.util.concurrent.ThreadPoolExecutor$Worker.run(Unknown Source)
at java.lang.Thread.run(Unknown Source)
]]>
            </full-stacktrace>
          </exception> <!-- org.openqa.selenium.StaleElementReferenceException -->
          <reporter-output>
          </reporter-output>
        </test-method> <!-- invalidEmailSignup -->
        <test-method status="PASS" signature="tearDown()[pri:0, instance:test.SignUpFormTest@49993335]" name="tearDown" is-config="true" duration-ms="634" started-at="2020-02-20T19:04:25 AEST" finished-at="2020-02-20T19:04:26 AEST">
          <reporter-output>
          </reporter-output>
        </test-method> <!-- tearDown -->
        <test-method status="PASS" signature="beforeMethod(java.lang.String)[pri:0, instance:test.SignUpFormTest@49993335]" name="beforeMethod" is-config="true" duration-ms="14825" started-at="2020-02-20T19:04:26 AEST" finished-at="2020-02-20T19:04:41 AEST">
          <params>
            <param index="0">
              <value>
                <![CDATA[Chrome]]>
              </value>
            </param>
          </params>
          <reporter-output>
          </reporter-output>
        </test-method> <!-- beforeMethod -->
        <test-method status="PASS" signature="navigateToLoginScreen()[pri:0, instance:test.SignUpFormTest@49993335]" name="navigateToLoginScreen" duration-ms="916" started-at="2020-02-20T19:04:41 AEST" finished-at="2020-02-20T19:04:42 AEST">
          <reporter-output>
          </reporter-output>
        </test-method> <!-- navigateToLoginScreen -->
        <test-method status="PASS" signature="tearDown()[pri:0, instance:test.SignUpFormTest@49993335]" name="tearDown" is-config="true" duration-ms="611" started-at="2020-02-20T19:04:42 AEST" finished-at="2020-02-20T19:04:42 AEST">
          <reporter-output>
          </reporter-output>
        </test-method> <!-- tearDown -->
        <test-method status="PASS" signature="beforeMethod(java.lang.String)[pri:0, instance:test.SignUpFormTest@49993335]" name="beforeMethod" is-config="true" duration-ms="13156" started-at="2020-02-20T19:04:42 AEST" finished-at="2020-02-20T19:04:56 AEST">
          <params>
            <param index="0">
              <value>
                <![CDATA[Chrome]]>
              </value>
            </param>
          </params>
          <reporter-output>
          </reporter-output>
        </test-method> <!-- beforeMethod -->
        <test-method status="PASS" signature="successfullSignUp()[pri:0, instance:test.SignUpFormTest@49993335]" name="successfullSignUp" duration-ms="2687" started-at="2020-02-20T19:04:56 AEST" finished-at="2020-02-20T19:04:58 AEST">
          <reporter-output>
          </reporter-output>
        </test-method> <!-- successfullSignUp -->
        <test-method status="PASS" signature="tearDown()[pri:0, instance:test.SignUpFormTest@49993335]" name="tearDown" is-config="true" duration-ms="617" started-at="2020-02-20T19:04:58 AEST" finished-at="2020-02-20T19:04:59 AEST">
          <reporter-output>
          </reporter-output>
        </test-method> <!-- tearDown -->
      </class> <!-- test.SignUpFormTest -->
    </test> <!-- SignUpFormTestChrome -->
    <test name="SignUpFormTestFirefox" duration-ms="126606" started-at="2020-02-20T19:02:57 AEST" finished-at="2020-02-20T19:05:03 AEST">
      <class name="test.SignUpFormTest">
        <test-method status="PASS" signature="beforeMethod(java.lang.String)[pri:0, instance:test.SignUpFormTest@6d7b4f4c]" name="beforeMethod" is-config="true" duration-ms="17219" started-at="2020-02-20T19:02:57 AEST" finished-at="2020-02-20T19:03:14 AEST">
          <params>
            <param index="0">
              <value>
                <![CDATA[Firefox]]>
              </value>
            </param>
          </params>
          <reporter-output>
          </reporter-output>
        </test-method> <!-- beforeMethod -->
        <test-method status="PASS" signature="blankEmailSignUp()[pri:0, instance:test.SignUpFormTest@6d7b4f4c]" name="blankEmailSignUp" duration-ms="3322" started-at="2020-02-20T19:03:14 AEST" finished-at="2020-02-20T19:03:17 AEST">
          <reporter-output>
          </reporter-output>
        </test-method> <!-- blankEmailSignUp -->
        <test-method status="PASS" signature="tearDown()[pri:0, instance:test.SignUpFormTest@6d7b4f4c]" name="tearDown" is-config="true" duration-ms="1459" started-at="2020-02-20T19:03:17 AEST" finished-at="2020-02-20T19:03:19 AEST">
          <reporter-output>
          </reporter-output>
        </test-method> <!-- tearDown -->
        <test-method status="PASS" signature="beforeMethod(java.lang.String)[pri:0, instance:test.SignUpFormTest@6d7b4f4c]" name="beforeMethod" is-config="true" duration-ms="16852" started-at="2020-02-20T19:03:19 AEST" finished-at="2020-02-20T19:03:36 AEST">
          <params>
            <param index="0">
              <value>
                <![CDATA[Firefox]]>
              </value>
            </param>
          </params>
          <reporter-output>
          </reporter-output>
        </test-method> <!-- beforeMethod -->
        <test-method status="PASS" signature="getCountOfCharacters()[pri:0, instance:test.SignUpFormTest@6d7b4f4c]" name="getCountOfCharacters" duration-ms="2235" started-at="2020-02-20T19:03:36 AEST" finished-at="2020-02-20T19:03:38 AEST">
          <reporter-output>
          </reporter-output>
        </test-method> <!-- getCountOfCharacters -->
        <test-method status="PASS" signature="tearDown()[pri:0, instance:test.SignUpFormTest@6d7b4f4c]" name="tearDown" is-config="true" duration-ms="1688" started-at="2020-02-20T19:03:38 AEST" finished-at="2020-02-20T19:03:40 AEST">
          <reporter-output>
          </reporter-output>
        </test-method> <!-- tearDown -->
        <test-method status="PASS" signature="beforeMethod(java.lang.String)[pri:0, instance:test.SignUpFormTest@6d7b4f4c]" name="beforeMethod" is-config="true" duration-ms="47457" started-at="2020-02-20T19:03:40 AEST" finished-at="2020-02-20T19:04:27 AEST">
          <params>
            <param index="0">
              <value>
                <![CDATA[Firefox]]>
              </value>
            </param>
          </params>
          <reporter-output>
          </reporter-output>
        </test-method> <!-- beforeMethod -->
        <test-method status="PASS" signature="invalidEmailSignup()[pri:0, instance:test.SignUpFormTest@6d7b4f4c]" name="invalidEmailSignup" duration-ms="2111" started-at="2020-02-20T19:04:27 AEST" finished-at="2020-02-20T19:04:29 AEST">
          <reporter-output>
          </reporter-output>
        </test-method> <!-- invalidEmailSignup -->
        <test-method status="PASS" signature="tearDown()[pri:0, instance:test.SignUpFormTest@6d7b4f4c]" name="tearDown" is-config="true" duration-ms="1254" started-at="2020-02-20T19:04:29 AEST" finished-at="2020-02-20T19:04:30 AEST">
          <reporter-output>
          </reporter-output>
        </test-method> <!-- tearDown -->
        <test-method status="PASS" signature="beforeMethod(java.lang.String)[pri:0, instance:test.SignUpFormTest@6d7b4f4c]" name="beforeMethod" is-config="true" duration-ms="13338" started-at="2020-02-20T19:04:30 AEST" finished-at="2020-02-20T19:04:44 AEST">
          <params>
            <param index="0">
              <value>
                <![CDATA[Firefox]]>
              </value>
            </param>
          </params>
          <reporter-output>
          </reporter-output>
        </test-method> <!-- beforeMethod -->
        <test-method status="PASS" signature="navigateToLoginScreen()[pri:0, instance:test.SignUpFormTest@6d7b4f4c]" name="navigateToLoginScreen" duration-ms="1215" started-at="2020-02-20T19:04:44 AEST" finished-at="2020-02-20T19:04:45 AEST">
          <reporter-output>
          </reporter-output>
        </test-method> <!-- navigateToLoginScreen -->
        <test-method status="PASS" signature="tearDown()[pri:0, instance:test.SignUpFormTest@6d7b4f4c]" name="tearDown" is-config="true" duration-ms="1363" started-at="2020-02-20T19:04:45 AEST" finished-at="2020-02-20T19:04:46 AEST">
          <reporter-output>
          </reporter-output>
        </test-method> <!-- tearDown -->
        <test-method status="PASS" signature="beforeMethod(java.lang.String)[pri:0, instance:test.SignUpFormTest@6d7b4f4c]" name="beforeMethod" is-config="true" duration-ms="13108" started-at="2020-02-20T19:04:46 AEST" finished-at="2020-02-20T19:04:59 AEST">
          <params>
            <param index="0">
              <value>
                <![CDATA[Firefox]]>
              </value>
            </param>
          </params>
          <reporter-output>
          </reporter-output>
        </test-method> <!-- beforeMethod -->
        <test-method status="PASS" signature="successfullSignUp()[pri:0, instance:test.SignUpFormTest@6d7b4f4c]" name="successfullSignUp" duration-ms="2627" started-at="2020-02-20T19:04:59 AEST" finished-at="2020-02-20T19:05:02 AEST">
          <reporter-output>
          </reporter-output>
        </test-method> <!-- successfullSignUp -->
        <test-method status="PASS" signature="tearDown()[pri:0, instance:test.SignUpFormTest@6d7b4f4c]" name="tearDown" is-config="true" duration-ms="1311" started-at="2020-02-20T19:05:02 AEST" finished-at="2020-02-20T19:05:03 AEST">
          <reporter-output>
          </reporter-output>
        </test-method> <!-- tearDown -->
      </class> <!-- test.SignUpFormTest -->
    </test> <!-- SignUpFormTestFirefox -->
  </suite> <!-- Suite -->
</testng-results>
