<?xml version="1.0" encoding="UTF-8"?>
<!-- Generated by org.testng.reporters.JUnitXMLReporter -->
<testsuite hostname="DESKTOP-P16IDI9" ignored="0" name="SignUpFormTest" tests="5" failures="0" timestamp="2020-02-13T22:17:09 AEST" time="73.043" errors="0">
  <testcase name="blankEmailSignUp" time="3.122" classname="test.SignUpFormTest"/>
  <testcase name="getCountOfCharacters" time="2.172" classname="test.SignUpFormTest"/>
  <testcase name="invalidEmailSignup" time="2.442" classname="test.SignUpFormTest"/>
  <testcase name="navigateToLoginScreen" time="1.778" classname="test.SignUpFormTest"/>
  <testcase name="successfullSignUp" time="5.058" classname="test.SignUpFormTest"/>
</testsuite> <!-- SignUpFormTest -->
