<?xml version="1.0" encoding="UTF-8"?>
<!-- Generated by org.testng.reporters.JUnitXMLReporter -->
<testsuite hostname="DESKTOP-P16IDI9" ignored="0" name="SignUpFormTestFirefox" tests="5" failures="0" timestamp="2020-02-20T19:05:03 AEST" time="126.606" errors="0">
  <testcase name="blankEmailSignUp" time="3.322" classname="test.SignUpFormTest"/>
  <testcase name="getCountOfCharacters" time="2.235" classname="test.SignUpFormTest"/>
  <testcase name="invalidEmailSignup" time="2.111" classname="test.SignUpFormTest"/>
  <testcase name="navigateToLoginScreen" time="1.215" classname="test.SignUpFormTest"/>
  <testcase name="successfullSignUp" time="2.627" classname="test.SignUpFormTest"/>
</testsuite> <!-- SignUpFormTestFirefox -->
