<?xml version="1.0" encoding="UTF-8"?>
<!-- Generated by org.testng.reporters.JUnitXMLReporter -->
<testsuite hostname="DESKTOP-P16IDI9" ignored="0" name="SignUpFormTest" tests="5" failures="0" timestamp="2020-02-17T13:58:49 AEST" time="65.435" errors="0">
  <testcase name="blankEmailSignUp" time="1.539" classname="test.SignUpFormTest"/>
  <testcase name="getCountOfCharacters" time="1.165" classname="test.SignUpFormTest"/>
  <testcase name="invalidEmailSignup" time="1.606" classname="test.SignUpFormTest"/>
  <testcase name="navigateToLoginScreen" time="0.74" classname="test.SignUpFormTest"/>
  <testcase name="successfullSignUp" time="3.74" classname="test.SignUpFormTest"/>
</testsuite> <!-- SignUpFormTest -->
