<?xml version="1.0" encoding="UTF-8"?>
<!-- Generated by org.testng.reporters.JUnitXMLReporter -->
<testsuite hostname="DESKTOP-P16IDI9" ignored="4" name="Default test" tests="1" failures="0" timestamp="2020-02-13T01:02:13 AEST" time="15.716" errors="0">
  <testcase name="successfullSignUp" time="3.792" classname="test.SignUpFormTest"/>
  <testcase name="navigateToLoginScreen" time="0.0" classname="test.SignUpFormTest">
    <ignored/>
  </testcase> <!-- navigateToLoginScreen -->
  <testcase name="getCountOfCharacters" time="0.0" classname="test.SignUpFormTest">
    <ignored/>
  </testcase> <!-- getCountOfCharacters -->
  <testcase name="blankEmailSignUp" time="0.0" classname="test.SignUpFormTest">
    <ignored/>
  </testcase> <!-- blankEmailSignUp -->
  <testcase name="invalidEmailSignup" time="0.0" classname="test.SignUpFormTest">
    <ignored/>
  </testcase> <!-- invalidEmailSignup -->
</testsuite> <!-- Default test -->
